[01m[K/home/leasch/pivoane/raspberryPI3/ros2_ws/src/car_control/src/car_control_node.cpp:[m[K In member function â€˜[01m[Kvoid car_control::updateCmd()[m[Kâ€™:
[01m[K/home/leasch/pivoane/raspberryPI3/ros2_ws/src/car_control/src/car_control_node.cpp:126:17:[m[K [01;35m[Kwarning: [m[Kunused variable â€˜[01m[Ki[m[Kâ€™ [[01;35m[K]8;;https://gcc.gnu.org/onlinedocs/gcc/Warning-Options.html#index-Wunused-variable-Wunused-variable]8;;[m[K]
  126 |             int [01;35m[Ki[m[K=0;
      |                 [01;35m[K^[m[K
[01m[K/home/leasch/pivoane/raspberryPI3/ros2_ws/src/car_control/src/car_control_node.cpp:141:20:[m[K [01;31m[Kerror: [m[Kâ€˜[01m[Ki[m[Kâ€™ was not declared in this scope
  141 |                 if([01;31m[Ki[m[K<=100){
      |                    [01;31m[K^[m[K
gmake[2]: *** [CMakeFiles/car_control_node.dir/build.make:76: CMakeFiles/car_control_node.dir/src/car_control_node.cpp.o] Error 1
gmake[1]: *** [CMakeFiles/Makefile2:137: CMakeFiles/car_control_node.dir/all] Error 2
gmake: *** [Makefile:146: all] Error 2
