[0.168s] Invoking command in '/home/leasch/pivoane/raspberryPI3/ros2_ws/build/car_control': AMENT_PREFIX_PATH=/home/leasch/pivoane/raspberryPI3/ros2_ws/install/interfaces:${AMENT_PREFIX_PATH} CMAKE_PREFIX_PATH=/home/leasch/pivoane/raspberryPI3/ros2_ws/install/interfaces:/opt/ros/humble LD_LIBRARY_PATH=/home/leasch/pivoane/raspberryPI3/ros2_ws/install/interfaces/lib:${LD_LIBRARY_PATH} PYTHONPATH=/home/leasch/pivoane/raspberryPI3/ros2_ws/install/interfaces/local/lib/python3.10/dist-packages:${PYTHONPATH} /usr/bin/cmake /home/leasch/pivoane/raspberryPI3/ros2_ws/src/car_control -DCMAKE_INSTALL_PREFIX=/home/leasch/pivoane/raspberryPI3/ros2_ws/install/car_control
[0.363s] -- The C compiler identification is GNU 11.2.0
[1.308s] -- The CXX compiler identification is GNU 11.2.0
[2.002s] -- Detecting C compiler ABI info
[2.213s] -- Detecting C compiler ABI info - done
[2.222s] -- Check for working C compiler: /usr/bin/cc - skipped
[2.222s] -- Detecting C compile features
[2.222s] -- Detecting C compile features - done
[2.225s] -- Detecting CXX compiler ABI info
[2.426s] -- Detecting CXX compiler ABI info - done
[2.431s] -- Check for working CXX compiler: /usr/bin/c++ - skipped
[2.431s] -- Detecting CXX compile features
[2.431s] -- Detecting CXX compile features - done
[2.433s] -- Found ament_cmake: 1.3.2 (/opt/ros/humble/share/ament_cmake/cmake)
[2.552s] -- Found Python3: /usr/bin/python3.10 (found version "3.10.6") found components: Interpreter 
[2.609s] -- Found rclcpp: 16.0.1 (/opt/ros/humble/share/rclcpp/cmake)
[2.959s] -- Found rosidl_generator_c: 3.1.3 (/opt/ros/humble/share/rosidl_generator_c/cmake)
[2.962s] -- Found rosidl_adapter: 3.1.3 (/opt/ros/humble/share/rosidl_adapter/cmake)
[2.967s] -- Found rosidl_generator_cpp: 3.1.3 (/opt/ros/humble/share/rosidl_generator_cpp/cmake)
[2.975s] -- Using all available rosidl_typesupport_c: rosidl_typesupport_fastrtps_c;rosidl_typesupport_introspection_c
[2.987s] -- Using all available rosidl_typesupport_cpp: rosidl_typesupport_fastrtps_cpp;rosidl_typesupport_introspection_cpp
[3.030s] -- Found rmw_implementation_cmake: 6.1.0 (/opt/ros/humble/share/rmw_implementation_cmake/cmake)
[3.031s] -- Found rmw_fastrtps_cpp: 6.2.1 (/opt/ros/humble/share/rmw_fastrtps_cpp/cmake)
[5.945s] -- Found OpenSSL: /usr/lib/x86_64-linux-gnu/libcrypto.so (found version "3.0.2")  
[9.111s] -- Found FastRTPS: /opt/ros/humble/include  
[14.811s] -- Using RMW implementation 'rmw_fastrtps_cpp' as default
[14.918s] -- Found interfaces: 0.0.0 (/home/leasch/pivoane/raspberryPI3/ros2_ws/install/interfaces/share/interfaces/cmake)
[14.929s] -- Found sensor_msgs: 4.2.2 (/opt/ros/humble/share/sensor_msgs/cmake)
[15.015s] -- Found std_srvs: 4.2.2 (/opt/ros/humble/share/std_srvs/cmake)
[15.041s] -- Found ament_lint_auto: 0.12.4 (/opt/ros/humble/share/ament_lint_auto/cmake)
[15.095s] -- Added test 'cppcheck' to perform static code analysis on C / C++ code
[15.095s] -- Configured cppcheck include dirs: $<BUILD_INTERFACE:/home/leasch/pivoane/raspberryPI3/ros2_ws/src/car_control/include>
[15.095s] -- Configured cppcheck exclude dirs and/or files: 
[15.095s] -- Added test 'lint_cmake' to check CMake code style
[15.096s] -- Added test 'uncrustify' to check C / C++ code style
[15.096s] -- Configured uncrustify additional arguments: 
[15.096s] -- Added test 'xmllint' to check XML markup files
[15.097s] -- Configuring done
[15.105s] -- Generating done
[15.106s] -- Build files have been written to: /home/leasch/pivoane/raspberryPI3/ros2_ws/build/car_control
[15.114s] Invoked command in '/home/leasch/pivoane/raspberryPI3/ros2_ws/build/car_control' returned '0': AMENT_PREFIX_PATH=/home/leasch/pivoane/raspberryPI3/ros2_ws/install/interfaces:${AMENT_PREFIX_PATH} CMAKE_PREFIX_PATH=/home/leasch/pivoane/raspberryPI3/ros2_ws/install/interfaces:/opt/ros/humble LD_LIBRARY_PATH=/home/leasch/pivoane/raspberryPI3/ros2_ws/install/interfaces/lib:${LD_LIBRARY_PATH} PYTHONPATH=/home/leasch/pivoane/raspberryPI3/ros2_ws/install/interfaces/local/lib/python3.10/dist-packages:${PYTHONPATH} /usr/bin/cmake /home/leasch/pivoane/raspberryPI3/ros2_ws/src/car_control -DCMAKE_INSTALL_PREFIX=/home/leasch/pivoane/raspberryPI3/ros2_ws/install/car_control
[15.116s] Invoking command in '/home/leasch/pivoane/raspberryPI3/ros2_ws/build/car_control': AMENT_PREFIX_PATH=/home/leasch/pivoane/raspberryPI3/ros2_ws/install/interfaces:${AMENT_PREFIX_PATH} CMAKE_PREFIX_PATH=/home/leasch/pivoane/raspberryPI3/ros2_ws/install/interfaces:/opt/ros/humble LD_LIBRARY_PATH=/home/leasch/pivoane/raspberryPI3/ros2_ws/install/interfaces/lib:${LD_LIBRARY_PATH} PYTHONPATH=/home/leasch/pivoane/raspberryPI3/ros2_ws/install/interfaces/local/lib/python3.10/dist-packages:${PYTHONPATH} /usr/bin/cmake --build /home/leasch/pivoane/raspberryPI3/ros2_ws/build/car_control -- -j8 -l8
[15.149s] [ 50%] [32mBuilding CXX object CMakeFiles/car_control_node.dir/src/steeringCmd.cpp.o[0m
[15.149s] [ 50%] [32mBuilding CXX object CMakeFiles/car_control_node.dir/src/car_control_node.cpp.o[0m
[15.152s] [ 75%] [32mBuilding CXX object CMakeFiles/car_control_node.dir/src/propulsionCmd.cpp.o[0m
[16.902s] [01m[K/home/leasch/pivoane/raspberryPI3/ros2_ws/src/car_control/src/car_control_node.cpp:[m[K In member function â€˜[01m[Kvoid car_control::updateCmd()[m[Kâ€™:
[16.902s] [01m[K/home/leasch/pivoane/raspberryPI3/ros2_ws/src/car_control/src/car_control_node.cpp:126:17:[m[K [01;35m[Kwarning: [m[Kunused variable â€˜[01m[Ki[m[Kâ€™ [[01;35m[K]8;;https://gcc.gnu.org/onlinedocs/gcc/Warning-Options.html#index-Wunused-variable-Wunused-variable]8;;[m[K]
[16.902s]   126 |             int [01;35m[Ki[m[K=0;
[16.902s]       |                 [01;35m[K^[m[K
[16.907s] [01m[K/home/leasch/pivoane/raspberryPI3/ros2_ws/src/car_control/src/car_control_node.cpp:141:20:[m[K [01;31m[Kerror: [m[Kâ€˜[01m[Ki[m[Kâ€™ was not declared in this scope
[16.907s]   141 |                 if([01;31m[Ki[m[K<=100){
[16.907s]       |                    [01;31m[K^[m[K
[20.692s] gmake[2]: *** [CMakeFiles/car_control_node.dir/build.make:76: CMakeFiles/car_control_node.dir/src/car_control_node.cpp.o] Error 1
[20.692s] gmake[1]: *** [CMakeFiles/Makefile2:137: CMakeFiles/car_control_node.dir/all] Error 2
[20.693s] gmake: *** [Makefile:146: all] Error 2
[20.695s] Invoked command in '/home/leasch/pivoane/raspberryPI3/ros2_ws/build/car_control' returned '2': AMENT_PREFIX_PATH=/home/leasch/pivoane/raspberryPI3/ros2_ws/install/interfaces:${AMENT_PREFIX_PATH} CMAKE_PREFIX_PATH=/home/leasch/pivoane/raspberryPI3/ros2_ws/install/interfaces:/opt/ros/humble LD_LIBRARY_PATH=/home/leasch/pivoane/raspberryPI3/ros2_ws/install/interfaces/lib:${LD_LIBRARY_PATH} PYTHONPATH=/home/leasch/pivoane/raspberryPI3/ros2_ws/install/interfaces/local/lib/python3.10/dist-packages:${PYTHONPATH} /usr/bin/cmake --build /home/leasch/pivoane/raspberryPI3/ros2_ws/build/car_control -- -j8 -l8
